2024-11-25 14:37:53,681 - INFO - Conexión establecida y tablas creadas.
2024-11-25 14:37:53,681 - INFO - Transacción iniciada.
2024-11-25 14:37:53,683 - INFO - Proveedor creado: Proveedor A - Contacto 123-456-789
2024-11-25 14:37:53,684 - INFO - Proveedor creado: Proveedor B - Contacto 987-654-321
2024-11-25 14:37:53,691 - INFO - Transacción confirmada.
2024-11-25 14:37:53,691 - INFO - Transacción iniciada.
2024-11-25 14:37:53,692 - INFO - Proveedor actualizado: Proveedor A - 20065377Q
2024-11-25 14:37:53,700 - INFO - Transacción confirmada.
2024-11-25 14:37:53,700 - INFO - Transacción iniciada.
2024-11-25 14:37:53,701 - INFO - Proveedor eliminado: Proveedor B
2024-11-25 14:37:53,708 - INFO - Transacción confirmada.
2024-11-25 14:37:53,708 - INFO - Transacción iniciada.
2024-11-25 14:37:53,711 - INFO - Herramienta creada: Martillo - Manual
2024-11-25 14:37:53,711 - INFO - Herramienta creada: Taladro - Eléctrico
2024-11-25 14:37:53,722 - INFO - Transacción confirmada.
2024-11-25 14:37:53,723 - INFO - Herramientas asociadas al proveedor Proveedor A:
2024-11-25 14:37:53,723 - INFO - Martillo - Manual
2024-11-25 14:37:53,723 - INFO - Taladro - Eléctrico
2024-11-25 14:37:53,723 - INFO - Transacción iniciada.
2024-11-25 14:37:53,725 - INFO - Herramienta actualizada: Martillo - Reforzado
2024-11-25 14:37:53,735 - INFO - Transacción confirmada.
2024-11-25 14:37:53,736 - INFO - Transacción iniciada.
2024-11-25 14:37:53,736 - INFO - Herramienta eliminada: Taladro
2024-11-25 14:37:53,743 - INFO - Transacción confirmada.
2024-11-25 14:37:53,743 - INFO - Conexión cerrada.
