2024-12-02 13:46:20,812 - INFO - Conexión establecida y tablas creadas.
2024-12-02 13:46:20,812 - INFO - Transacción iniciada.
2024-12-02 13:46:20,863 - INFO - Proveedor creado: Proveedor A - Contacto 123-456-789
2024-12-02 13:46:20,864 - INFO - Proveedor creado: Proveedor B - Contacto 987-654-321
2024-12-02 13:46:20,881 - INFO - Transacción confirmada.
2024-12-02 13:46:20,882 - INFO - Transacción iniciada.
2024-12-02 13:46:20,887 - INFO - Proveedor actualizado: Proveedor A - 20065377Q
2024-12-02 13:46:20,898 - INFO - Transacción confirmada.
2024-12-02 13:46:20,898 - INFO - Transacción iniciada.
2024-12-02 13:46:20,908 - INFO - Proveedor eliminado: Proveedor B
2024-12-02 13:46:20,915 - INFO - Transacción confirmada.
2024-12-02 13:46:20,915 - INFO - Transacción iniciada.
2024-12-02 13:46:20,921 - INFO - Herramienta creada: Martillo - Manual
2024-12-02 13:46:20,921 - INFO - Herramienta creada: Taladro - Eléctrico
2024-12-02 13:46:20,932 - INFO - Transacción confirmada.
2024-12-02 13:46:20,932 - INFO - Herramientas asociadas al proveedor Proveedor A:
2024-12-02 13:46:20,933 - INFO - Martillo - Manual
2024-12-02 13:46:20,933 - INFO - Taladro - Eléctrico
2024-12-02 13:46:20,933 - INFO - Transacción iniciada.
2024-12-02 13:46:20,936 - INFO - Herramienta actualizada: Martillo - Reforzado
2024-12-02 13:46:20,947 - INFO - Transacción confirmada.
2024-12-02 13:46:20,947 - INFO - Transacción iniciada.
2024-12-02 13:46:20,951 - INFO - Herramienta eliminada: Taladro
2024-12-02 13:46:20,958 - INFO - Transacción confirmada.
2024-12-02 13:46:20,958 - INFO - Conexión cerrada.
